Using pre-set license
Built from '2022.2/staging' branch; Version is '2022.2.5f1 (551d45108343) revision 5578053'; Using compiler version '192829333'; Build Type 'Release'
OS: 'Windows 10  (10.0.19045) 64bit Education' Language: 'en' Physical Memory: 16309 MB
BatchMode: 1, IsHumanControllingUs: 0, StartBugReporterOnCrash: 0, Is64bit: 1, IsPro: 1

COMMAND LINE ARGUMENTS:
C:\Program Files\Unity\Hub\Editor\2022.2.5f1\Editor\Unity.exe
-adb2
-batchMode
-noUpm
-name
AssetImportWorker2
-projectPath
C:/Users/Student/Documents/GitHub/My-New-First-Project
-logFile
Logs/AssetImportWorker2.log
-srvPort
50451
Successfully changed project path to: C:/Users/Student/Documents/GitHub/My-New-First-Project
C:/Users/Student/Documents/GitHub/My-New-First-Project
[UnityMemory] Configuration Parameters - Can be set up in boot.config
    "memorysetup-bucket-allocator-granularity=16"
    "memorysetup-bucket-allocator-bucket-count=8"
    "memorysetup-bucket-allocator-block-size=33554432"
    "memorysetup-bucket-allocator-block-count=8"
    "memorysetup-main-allocator-block-size=16777216"
    "memorysetup-thread-allocator-block-size=16777216"
    "memorysetup-gfx-main-allocator-block-size=16777216"
    "memorysetup-gfx-thread-allocator-block-size=16777216"
    "memorysetup-cache-allocator-block-size=4194304"
    "memorysetup-typetree-allocator-block-size=2097152"
    "memorysetup-profiler-bucket-allocator-granularity=16"
    "memorysetup-profiler-bucket-allocator-bucket-count=8"
    "memorysetup-profiler-bucket-allocator-block-size=33554432"
    "memorysetup-profiler-bucket-allocator-block-count=8"
    "memorysetup-profiler-allocator-block-size=16777216"
    "memorysetup-profiler-editor-allocator-block-size=1048576"
    "memorysetup-temp-allocator-size-main=16777216"
    "memorysetup-job-temp-allocator-block-size=2097152"
    "memorysetup-job-temp-allocator-block-size-background=1048576"
    "memorysetup-job-temp-allocator-reduction-small-platforms=262144"
    "memorysetup-temp-allocator-size-background-worker=32768"
    "memorysetup-temp-allocator-size-job-worker=262144"
    "memorysetup-temp-allocator-size-preload-manager=33554432"
    "memorysetup-temp-allocator-size-nav-mesh-worker=65536"
    "memorysetup-temp-allocator-size-audio-worker=65536"
    "memorysetup-temp-allocator-size-cloud-worker=32768"
    "memorysetup-temp-allocator-size-gi-baking-worker=262144"
    "memorysetup-temp-allocator-size-gfx=262144"
Player connection [15808] Host "[IP] 10.0.3.61 [Port] 0 [Flags] 2 [Guid] 1359863993 [EditorId] 1359863993 [Version] 1048832 [Id] WindowsEditor(7,CIITLAB602-PC14) [Debug] 1 [PackageName] WindowsEditor [ProjectName] Editor" joined multi-casting on [225.0.0.222:54997]...

Player connection [15808] Host "[IP] 10.0.3.61 [Port] 0 [Flags] 2 [Guid] 1359863993 [EditorId] 1359863993 [Version] 1048832 [Id] WindowsEditor(7,CIITLAB602-PC14) [Debug] 1 [PackageName] WindowsEditor [ProjectName] Editor" joined alternative multi-casting on [225.0.0.222:34997]...

Refreshing native plugins compatible for Editor in 7.06 ms, found 3 plugins.
Preloading 0 native plugins for Editor in 0.00 ms.
Initialize engine version: 2022.2.5f1 (551d45108343)
[Subsystems] Discovering subsystems at path C:/Program Files/Unity/Hub/Editor/2022.2.5f1/Editor/Data/Resources/UnitySubsystems
[Subsystems] Discovering subsystems at path C:/Users/Student/Documents/GitHub/My-New-First-Project/Assets
GfxDevice: creating device client; threaded=0; jobified=0
Direct3D:
    Version:  Direct3D 11.0 [level 11.1]
    Renderer: NVIDIA GeForce RTX 3050 (ID=0x2507)
    Vendor:   NVIDIA
    VRAM:     8070 MB
    Driver:   31.0.15.1694
Initialize mono
Mono path[0] = 'C:/Program Files/Unity/Hub/Editor/2022.2.5f1/Editor/Data/Managed'
Mono path[1] = 'C:/Program Files/Unity/Hub/Editor/2022.2.5f1/Editor/Data/MonoBleedingEdge/lib/mono/unityjit-win32'
Mono config path = 'C:/Program Files/Unity/Hub/Editor/2022.2.5f1/Editor/Data/MonoBleedingEdge/etc'
Using monoOptions --debugger-agent=transport=dt_socket,embedding=1,server=y,suspend=n,address=127.0.0.1:56764
Begin MonoManager ReloadAssembly
Registering precompiled unity dll's ...
Register platform support module: C:/Program Files/Unity/Hub/Editor/2022.2.5f1/Editor/Data/PlaybackEngines/MacStandaloneSupport/UnityEditor.OSXStandalone.Extensions.dll
Register platform support module: C:/Program Files/Unity/Hub/Editor/2022.2.5f1/Editor/Data/PlaybackEngines/AndroidPlayer/UnityEditor.Android.Extensions.dll
Register platform support module: C:/Program Files/Unity/Hub/Editor/2022.2.5f1/Editor/Data/PlaybackEngines/iOSSupport/UnityEditor.iOS.Extensions.dll
Register platform support module: C:/Program Files/Unity/Hub/Editor/2022.2.5f1/Editor/Data/PlaybackEngines/WindowsStandaloneSupport/UnityEditor.WindowsStandalone.Extensions.dll
Registered in 0.012954 seconds.
- Loaded All Assemblies, in  0.304 seconds
Native extension for WindowsStandalone target not found
[usbmuxd] Start listen thread
[usbmuxd] Listen thread started
Native extension for iOS target not found
Native extension for Android target not found
Android Extension - Scanning For ADB Devices 230 ms
Native extension for OSXStandalone target not found
Mono: successfully reloaded assembly
- Finished resetting the current domain, in  0.499 seconds
Domain Reload Profiling:
	ReloadAssembly (179ms)
		BeginReloadAssembly (71ms)
			ExecutionOrderSort (0ms)
			DisableScriptedObjects (0ms)
			BackupInstance (0ms)
			ReleaseScriptingObjects (0ms)
			CreateAndSetChildDomain (1ms)
		LoadAllAssembliesAndSetupDomain (0ms)
			LoadAssemblies (70ms)
			RebuildTransferFunctionScriptingTraits (0ms)
			SetupTypeCache (116ms)
				TypeCache.Initialize (115ms)
					TypeCache.ScanAssembly (113ms)
				ResolveRequiredComponents (0ms)
		FinalizeReload (0ms)
			ReleaseScriptCaches (0ms)
			RebuildScriptCaches (0ms)
			SetupLoadedEditorAssemblies (448ms)
				LogAssemblyErrors (0ms)
				InitializePlatformSupportModulesInManaged (314ms)
				SetLoadedEditorAssemblies (3ms)
				RefreshPlugins (0ms)
				BeforeProcessingInitializeOnLoad (1ms)
				ProcessInitializeOnLoadAttributes (89ms)
				ProcessInitializeOnLoadMethodAttributes (41ms)
				AfterProcessingInitializeOnLoad (0ms)
				EditorAssembliesLoaded (0ms)
			ExecutionOrderSort2 (0ms)
			AwakeInstancesAfterBackupRestoration (0ms)
========================================================================
Worker process is ready to serve import requests
Begin MonoManager ReloadAssembly
Symbol file LoadedFromMemory doesn't match image C:\Users\Student\Documents\GitHub\My-New-First-Project\Library\PackageCache\com.unity.visualscripting@1.8.0\Editor\VisualScripting.Core\Dependencies\YamlDotNet\Unity.VisualScripting.YamlDotNet.dll
Symbol file LoadedFromMemory doesn't match image C:\Users\Student\Documents\GitHub\My-New-First-Project\Library\PackageCache\com.unity.visualscripting@1.8.0\Editor\VisualScripting.Core\Dependencies\DotNetZip\Unity.VisualScripting.IonicZip.dll
- Loaded All Assemblies, in  0.780 seconds
Refreshing native plugins compatible for Editor in 3.40 ms, found 3 plugins.
Native extension for WindowsStandalone target not found
Native extension for iOS target not found
Native extension for Android target not found
Native extension for OSXStandalone target not found
Mono: successfully reloaded assembly
- Finished resetting the current domain, in  0.456 seconds
Domain Reload Profiling:
	ReloadAssembly (191ms)
		BeginReloadAssembly (105ms)
			ExecutionOrderSort (0ms)
			DisableScriptedObjects (5ms)
			BackupInstance (0ms)
			ReleaseScriptingObjects (0ms)
			CreateAndSetChildDomain (21ms)
		LoadAllAssembliesAndSetupDomain (586ms)
			LoadAssemblies (250ms)
			RebuildTransferFunctionScriptingTraits (0ms)
			SetupTypeCache (382ms)
				TypeCache.Initialize (242ms)
					TypeCache.ScanAssembly (237ms)
				ResolveRequiredComponents (3ms)
		FinalizeReload (0ms)
			ReleaseScriptCaches (0ms)
			RebuildScriptCaches (0ms)
			SetupLoadedEditorAssemblies (323ms)
				LogAssemblyErrors (0ms)
				InitializePlatformSupportModulesInManaged (34ms)
				SetLoadedEditorAssemblies (3ms)
				RefreshPlugins (0ms)
				BeforeProcessingInitializeOnLoad (53ms)
				ProcessInitializeOnLoadAttributes (209ms)
				ProcessInitializeOnLoadMethodAttributes (17ms)
				AfterProcessingInitializeOnLoad (7ms)
				EditorAssembliesLoaded (0ms)
			ExecutionOrderSort2 (0ms)
			AwakeInstancesAfterBackupRestoration (7ms)
Launched and connected shader compiler UnityShaderCompiler.exe after 0.04 seconds
Refreshing native plugins compatible for Editor in 4.93 ms, found 3 plugins.
Preloading 0 native plugins for Editor in 0.00 ms.
Unloading 3113 Unused Serialized files (Serialized files now loaded: 0)
Unloading 23 unused Assets / (66.4 KB). Loaded Objects now: 3580.
Memory consumption went from 487.5 MB to 487.4 MB.
Total: 3.976700 ms (FindLiveObjects: 0.580300 ms CreateObjectMapping: 0.260700 ms MarkObjects: 3.032100 ms  DeleteObjects: 0.102900 ms)

AssetImportParameters requested are different than current active one (requested -> active):
  custom:container-demuxer-ogg: 62fdf1f143b41e24485cea50d1cbac27 -> 
  custom:video-decoder-ogg-theora: a1e56fd34408186e4bbccfd4996cb3dc -> 
  custom:framework-win-MediaFoundation: 216162199b28c13a410421893ffa2e32 -> 
  custom:container-demuxer-webm: 4f35f7cbe854078d1ac9338744f61a02 -> 
  custom:container-muxer-webm: aa71ff27fc2769a1b78a27578f13a17b -> 
  custom:video-decoder-webm-vp8: 9c59270c3fd7afecdb556c50c9e8de78 -> 
  custom:AudioImporter_EditorPlatform: d09bf68614088b80899f8185d706f6e7 -> 
  custom:video-encoder-webm-vp8: eb34c28f22e8b96e1ab97ce403110664 -> 
  custom:audio-decoder-ogg-vorbis: bf7c407c2cedff20999df2af8eb42d56 -> 
  custom:audio-encoder-webm-vorbis: bf7c407c2cedff20999df2af8eb42d56 -> 
========================================================================
Received Import Request.
  Time since last request: 4237.810961 seconds.
  path: Assets/Sprites/Backgrounds/School
  artifactKey: Guid(b030aa1655deb18498e6ac000249a181) Importer(815301076,1909f56bfc062723c751e8b465ee728b)
Start importing Assets/Sprites/Backgrounds/School using Guid(b030aa1655deb18498e6ac000249a181) Importer(815301076,1909f56bfc062723c751e8b465ee728b)  -> (artifact id: 'de128040ab8e6e08f7d21184f58b8e6c') in 0.001434 seconds 
Number of updated asset objects reloaded before import = 0
Number of asset objects unloaded after import = 0
========================================================================
Received Import Request.
  Time since last request: 21.945986 seconds.
  path: Assets/Sprites/Backgrounds/School/Book.png
  artifactKey: Guid(bde5b96ec9d727741a168123c3da3130) Importer(815301076,1909f56bfc062723c751e8b465ee728b)
Start importing Assets/Sprites/Backgrounds/School/Book.png using Guid(bde5b96ec9d727741a168123c3da3130) Importer(815301076,1909f56bfc062723c751e8b465ee728b)  -> (artifact id: '0455e93666a1cd6727d5e30052f82298') in 0.048301 seconds 
Number of updated asset objects reloaded before import = 0
Number of asset objects unloaded after import = 2
========================================================================
Received Import Request.
  Time since last request: 0.000014 seconds.
  path: Assets/Sprites/Backgrounds/School/Building 7.png
  artifactKey: Guid(d080d2bbb99c2ff48a1a2093c3e2fa4a) Importer(815301076,1909f56bfc062723c751e8b465ee728b)
Start importing Assets/Sprites/Backgrounds/School/Building 7.png using Guid(d080d2bbb99c2ff48a1a2093c3e2fa4a) Importer(815301076,1909f56bfc062723c751e8b465ee728b)  -> (artifact id: '1f43bfd9383b67dfba089e9d47daa34e') in 0.013194 seconds 
Number of updated asset objects reloaded before import = 0
Number of asset objects unloaded after import = 2
========================================================================
Received Import Request.
  Time since last request: 0.000015 seconds.
  path: Assets/Sprites/Backgrounds/School/Dock 2.png
  artifactKey: Guid(4d010e64cb3f2c64cacebe7c249d05fb) Importer(815301076,1909f56bfc062723c751e8b465ee728b)
Start importing Assets/Sprites/Backgrounds/School/Dock 2.png using Guid(4d010e64cb3f2c64cacebe7c249d05fb) Importer(815301076,1909f56bfc062723c751e8b465ee728b)  -> (artifact id: '222eeef81e03061e0c44ce5d0de8097f') in 0.010353 seconds 
Number of updated asset objects reloaded before import = 0
Number of asset objects unloaded after import = 2
========================================================================
Received Import Request.
  Time since last request: 0.000014 seconds.
  path: Assets/Sprites/Backgrounds/School/Greenhouse 2.png
  artifactKey: Guid(72d3de6939f5c2546b99afa23eeb8fd1) Importer(815301076,1909f56bfc062723c751e8b465ee728b)
Start importing Assets/Sprites/Backgrounds/School/Greenhouse 2.png using Guid(72d3de6939f5c2546b99afa23eeb8fd1) Importer(815301076,1909f56bfc062723c751e8b465ee728b)  -> (artifact id: '734e59c64d3a8027de9ada8c16cd2d22') in 0.016145 seconds 
Number of updated asset objects reloaded before import = 0
Number of asset objects unloaded after import = 2
========================================================================
Received Import Request.
  Time since last request: 0.000020 seconds.
  path: Assets/Sprites/Backgrounds/School/Classroom 7.png
  artifactKey: Guid(6e704e54bc284044f92e7d5728f28ac0) Importer(815301076,1909f56bfc062723c751e8b465ee728b)
Start importing Assets/Sprites/Backgrounds/School/Classroom 7.png using Guid(6e704e54bc284044f92e7d5728f28ac0) Importer(815301076,1909f56bfc062723c751e8b465ee728b)  -> (artifact id: '5e281a43d31dd506c779bdc62fdd7e25') in 0.019940 seconds 
Number of updated asset objects reloaded before import = 0
Number of asset objects unloaded after import = 2
========================================================================
Received Import Request.
  Time since last request: 0.000017 seconds.
  path: Assets/Sprites/Backgrounds/School/Dock 3.png
  artifactKey: Guid(94ed6bacd4b27cf41a971e46bbf8b2bf) Importer(815301076,1909f56bfc062723c751e8b465ee728b)
Start importing Assets/Sprites/Backgrounds/School/Dock 3.png using Guid(94ed6bacd4b27cf41a971e46bbf8b2bf) Importer(815301076,1909f56bfc062723c751e8b465ee728b)  -> (artifact id: '71ce95ee382620c2f4235415cc3cf084') in 0.018375 seconds 
Number of updated asset objects reloaded before import = 0
Number of asset objects unloaded after import = 2
========================================================================
Received Import Request.
  Time since last request: 0.000166 seconds.
  path: Assets/Sprites/Backgrounds/School/Building 18.png
  artifactKey: Guid(b5adfbcb936577640b7a8c136abeea64) Importer(815301076,1909f56bfc062723c751e8b465ee728b)
Start importing Assets/Sprites/Backgrounds/School/Building 18.png using Guid(b5adfbcb936577640b7a8c136abeea64) Importer(815301076,1909f56bfc062723c751e8b465ee728b)  -> (artifact id: 'f2f2a062c9062082d9bafb8557e2d77c') in 0.008756 seconds 
Number of updated asset objects reloaded before import = 0
Number of asset objects unloaded after import = 2
========================================================================
Received Import Request.
  Time since last request: 0.000016 seconds.
  path: Assets/Sprites/Backgrounds/School/Classroom 8.png
  artifactKey: Guid(74a05dca259ffb0408d3d675e379cc10) Importer(815301076,1909f56bfc062723c751e8b465ee728b)
Start importing Assets/Sprites/Backgrounds/School/Classroom 8.png using Guid(74a05dca259ffb0408d3d675e379cc10) Importer(815301076,1909f56bfc062723c751e8b465ee728b)  -> (artifact id: '0a57908f46b9080c397a4a6b68d703db') in 0.008780 seconds 
Number of updated asset objects reloaded before import = 0
Number of asset objects unloaded after import = 2
========================================================================
Received Import Request.
  Time since last request: 0.000016 seconds.
  path: Assets/Sprites/Backgrounds/School/Potions.png
  artifactKey: Guid(5c87a767fbbe2ef409d5a2fc5a8a98f6) Importer(815301076,1909f56bfc062723c751e8b465ee728b)
Start importing Assets/Sprites/Backgrounds/School/Potions.png using Guid(5c87a767fbbe2ef409d5a2fc5a8a98f6) Importer(815301076,1909f56bfc062723c751e8b465ee728b)  -> (artifact id: '73aa401b90b7140bfb2176144c418cb6') in 0.009209 seconds 
Number of updated asset objects reloaded before import = 0
Number of asset objects unloaded after import = 2
========================================================================
Received Import Request.
  Time since last request: 0.000017 seconds.
  path: Assets/Sprites/Backgrounds/School/Building 23.png
  artifactKey: Guid(97c063aca3d860649abae684366216a6) Importer(815301076,1909f56bfc062723c751e8b465ee728b)
Start importing Assets/Sprites/Backgrounds/School/Building 23.png using Guid(97c063aca3d860649abae684366216a6) Importer(815301076,1909f56bfc062723c751e8b465ee728b)  -> (artifact id: 'e2577c0da1a8b9db006c1fb05c857208') in 0.008770 seconds 
Number of updated asset objects reloaded before import = 0
Number of asset objects unloaded after import = 2
========================================================================
Received Import Request.
  Time since last request: 0.000015 seconds.
  path: Assets/Sprites/Backgrounds/School/Greenhouse 1.png
  artifactKey: Guid(e7efe4b7f70ada043af31a7e21f337e9) Importer(815301076,1909f56bfc062723c751e8b465ee728b)
Start importing Assets/Sprites/Backgrounds/School/Greenhouse 1.png using Guid(e7efe4b7f70ada043af31a7e21f337e9) Importer(815301076,1909f56bfc062723c751e8b465ee728b)  -> (artifact id: '24244a95f00599faafc19c9fcdb5a9c9') in 0.008992 seconds 
Number of updated asset objects reloaded before import = 0
Number of asset objects unloaded after import = 2
========================================================================
Received Import Request.
  Time since last request: 0.000016 seconds.
  path: Assets/Sprites/Backgrounds/School/Greenhouse 3.png
  artifactKey: Guid(a81e58fa0e2b67849b27b60d24edb678) Importer(815301076,1909f56bfc062723c751e8b465ee728b)
Start importing Assets/Sprites/Backgrounds/School/Greenhouse 3.png using Guid(a81e58fa0e2b67849b27b60d24edb678) Importer(815301076,1909f56bfc062723c751e8b465ee728b)  -> (artifact id: 'f9ac5a74e6768af8a26bdcce4da25eee') in 0.008520 seconds 
Number of updated asset objects reloaded before import = 0
Number of asset objects unloaded after import = 2
========================================================================
Received Import Request.
  Time since last request: 0.000012 seconds.
  path: Assets/Sprites/Backgrounds/School/Office 1.png
  artifactKey: Guid(58d666655551e8c47a0ebe41286e553b) Importer(815301076,1909f56bfc062723c751e8b465ee728b)
Start importing Assets/Sprites/Backgrounds/School/Office 1.png using Guid(58d666655551e8c47a0ebe41286e553b) Importer(815301076,1909f56bfc062723c751e8b465ee728b)  -> (artifact id: '5062ae6b183fc87befa123bf6c4936a4') in 0.008877 seconds 
Number of updated asset objects reloaded before import = 0
Number of asset objects unloaded after import = 2
========================================================================
Received Import Request.
  Time since last request: 0.000015 seconds.
  path: Assets/Sprites/Backgrounds/School/Hallway 3.png
  artifactKey: Guid(f3193b0545390da4c9b735e794e227d1) Importer(815301076,1909f56bfc062723c751e8b465ee728b)
Start importing Assets/Sprites/Backgrounds/School/Hallway 3.png using Guid(f3193b0545390da4c9b735e794e227d1) Importer(815301076,1909f56bfc062723c751e8b465ee728b)  -> (artifact id: '3d73ad59053da71523dce34847a0f4cf') in 0.007935 seconds 
Number of updated asset objects reloaded before import = 0
Number of asset objects unloaded after import = 2
========================================================================
Received Import Request.
  Time since last request: 0.000018 seconds.
  path: Assets/Sprites/Backgrounds/School/Building 20.png
  artifactKey: Guid(4e2b94c6af3bd934dad096fcc57bd300) Importer(815301076,1909f56bfc062723c751e8b465ee728b)
Start importing Assets/Sprites/Backgrounds/School/Building 20.png using Guid(4e2b94c6af3bd934dad096fcc57bd300) Importer(815301076,1909f56bfc062723c751e8b465ee728b)  -> (artifact id: 'd71ef6e2e01355674aeb364abc5d2467') in 0.008931 seconds 
Number of updated asset objects reloaded before import = 0
Number of asset objects unloaded after import = 2
========================================================================
Received Import Request.
  Time since last request: 0.000016 seconds.
  path: Assets/Sprites/Backgrounds/School/Building 10.png
  artifactKey: Guid(929f5cc5610846d49a0109e3f97127bf) Importer(815301076,1909f56bfc062723c751e8b465ee728b)
Start importing Assets/Sprites/Backgrounds/School/Building 10.png using Guid(929f5cc5610846d49a0109e3f97127bf) Importer(815301076,1909f56bfc062723c751e8b465ee728b)  -> (artifact id: '62e2dcccd52b4316014e2699fca50a7d') in 0.009053 seconds 
Number of updated asset objects reloaded before import = 0
Number of asset objects unloaded after import = 2
========================================================================
Received Import Request.
  Time since last request: 0.000017 seconds.
  path: Assets/Sprites/Backgrounds/School/Classroom 16.png
  artifactKey: Guid(596481977e2473642b7359c881b761f4) Importer(815301076,1909f56bfc062723c751e8b465ee728b)
Start importing Assets/Sprites/Backgrounds/School/Classroom 16.png using Guid(596481977e2473642b7359c881b761f4) Importer(815301076,1909f56bfc062723c751e8b465ee728b)  -> (artifact id: '02ebb777156ffba53775b276bbb4b5ac') in 0.009162 seconds 
Number of updated asset objects reloaded before import = 0
Number of asset objects unloaded after import = 2
========================================================================
Received Import Request.
  Time since last request: 0.000017 seconds.
  path: Assets/Sprites/Backgrounds/School/Hallway 2.png
  artifactKey: Guid(30f5718f5d8f11b45a0b976252c1a025) Importer(815301076,1909f56bfc062723c751e8b465ee728b)
Start importing Assets/Sprites/Backgrounds/School/Hallway 2.png using Guid(30f5718f5d8f11b45a0b976252c1a025) Importer(815301076,1909f56bfc062723c751e8b465ee728b)  -> (artifact id: '3d5b0971f8aa9710092f19c7f5005b86') in 0.009055 seconds 
Number of updated asset objects reloaded before import = 0
Number of asset objects unloaded after import = 2
========================================================================
Received Import Request.
  Time since last request: 0.000018 seconds.
  path: Assets/Sprites/Backgrounds/School/Field 2.png
  artifactKey: Guid(9dd72cab407fa9d4da7fdaf948dfd20d) Importer(815301076,1909f56bfc062723c751e8b465ee728b)
Start importing Assets/Sprites/Backgrounds/School/Field 2.png using Guid(9dd72cab407fa9d4da7fdaf948dfd20d) Importer(815301076,1909f56bfc062723c751e8b465ee728b)  -> (artifact id: '6ec892363574f6fabc97fa8b9b6f4992') in 0.008741 seconds 
Number of updated asset objects reloaded before import = 0
Number of asset objects unloaded after import = 2
========================================================================
Received Import Request.
  Time since last request: 0.000016 seconds.
  path: Assets/Sprites/Backgrounds/School/Hallway 4.png
  artifactKey: Guid(326fd4e5ba5ce4c4ab6742ab588955d2) Importer(815301076,1909f56bfc062723c751e8b465ee728b)
Start importing Assets/Sprites/Backgrounds/School/Hallway 4.png using Guid(326fd4e5ba5ce4c4ab6742ab588955d2) Importer(815301076,1909f56bfc062723c751e8b465ee728b)  -> (artifact id: 'bdbe2c002e9cd8b67ddf20b011a59cee') in 0.010341 seconds 
Number of updated asset objects reloaded before import = 0
Number of asset objects unloaded after import = 2
========================================================================
Received Import Request.
  Time since last request: 0.000021 seconds.
  path: Assets/Sprites/Backgrounds/School/Circle 3.png
  artifactKey: Guid(9a16b82d6ef556f449c127a90bffbd80) Importer(815301076,1909f56bfc062723c751e8b465ee728b)
Start importing Assets/Sprites/Backgrounds/School/Circle 3.png using Guid(9a16b82d6ef556f449c127a90bffbd80) Importer(815301076,1909f56bfc062723c751e8b465ee728b)  -> (artifact id: '1de4da82c280b96f82e6a3d3c0faaf98') in 0.009662 seconds 
Number of updated asset objects reloaded before import = 0
Number of asset objects unloaded after import = 2
========================================================================
Received Import Request.
  Time since last request: 0.000015 seconds.
  path: Assets/Sprites/Backgrounds/School/Building 3.png
  artifactKey: Guid(89abb343424f2224f9ec2b20aca08646) Importer(815301076,1909f56bfc062723c751e8b465ee728b)
Start importing Assets/Sprites/Backgrounds/School/Building 3.png using Guid(89abb343424f2224f9ec2b20aca08646) Importer(815301076,1909f56bfc062723c751e8b465ee728b)  -> (artifact id: '42bda556aec4b71bb4d738766c6ac48b') in 0.008960 seconds 
Number of updated asset objects reloaded before import = 0
Number of asset objects unloaded after import = 2
========================================================================
Received Import Request.
  Time since last request: 0.000010 seconds.
  path: Assets/Sprites/Backgrounds/School/Building 9.png
  artifactKey: Guid(99e5d4344106abc4fb5b85815fe31689) Importer(815301076,1909f56bfc062723c751e8b465ee728b)
Start importing Assets/Sprites/Backgrounds/School/Building 9.png using Guid(99e5d4344106abc4fb5b85815fe31689) Importer(815301076,1909f56bfc062723c751e8b465ee728b)  -> (artifact id: '8c63dc2bca15fe3251b8d54cfa737569') in 0.008543 seconds 
Number of updated asset objects reloaded before import = 0
Number of asset objects unloaded after import = 2
========================================================================
Received Import Request.
  Time since last request: 0.000015 seconds.
  path: Assets/Sprites/Backgrounds/School/Herbs.png
  artifactKey: Guid(bc71164c546e89345a088375160a1728) Importer(815301076,1909f56bfc062723c751e8b465ee728b)
Start importing Assets/Sprites/Backgrounds/School/Herbs.png using Guid(bc71164c546e89345a088375160a1728) Importer(815301076,1909f56bfc062723c751e8b465ee728b)  -> (artifact id: 'b87db291e36ed23bf7d423cc5579a856') in 0.008984 seconds 
Number of updated asset objects reloaded before import = 0
Number of asset objects unloaded after import = 2
========================================================================
Received Import Request.
  Time since last request: 0.000016 seconds.
  path: Assets/Sprites/Backgrounds/School/Classroom 6.png
  artifactKey: Guid(2e0635e4621024b4ca690cf21358bac8) Importer(815301076,1909f56bfc062723c751e8b465ee728b)
Start importing Assets/Sprites/Backgrounds/School/Classroom 6.png using Guid(2e0635e4621024b4ca690cf21358bac8) Importer(815301076,1909f56bfc062723c751e8b465ee728b)  -> (artifact id: 'b1fed8d44a3f0e4fe018f561e4cab653') in 0.009288 seconds 
Number of updated asset objects reloaded before import = 0
Number of asset objects unloaded after import = 2
Editor requested this worker to shutdown with reason: Scaling down because of idle timeout
TcpMessagingSession - receive error: operation aborted. errorcode: 995, details: The I/O operation has been aborted because of either a thread exit or an application request.
AssetImportWorker is now disconnected from the server
Process exiting
Exiting without the bug reporter. Application will terminate with return code 0